# JRE version: Java(TM) SE Runtime Environment (8.0_201-b09) (build 1.8.0_201-b09)
# Java VM: Java HotSpot(TM) 64-Bit Server VM (25.201-b09 mixed mode linux-amd64 compressed oops)
Heap:
 PSYoungGen      total 266240K, used 91068K [0x0000000719180000, 0x000000072a780000, 0x00000007c0000000)
  eden space 255488K, 35% used [0x0000000719180000,0x000000071ea6f200,0x0000000728b00000)
  from space 10752K, 0% used [0x0000000729800000,0x0000000729800000,0x000000072a280000)
  to   space 13312K, 0% used [0x0000000728b00000,0x0000000728b00000,0x0000000729800000)
 ParOldGen       total 179200K, used 12577K [0x00000005cb400000, 0x00000005d6300000, 0x0000000719180000)
  object space 179200K, 7% used [0x00000005cb400000,0x00000005cc0484e8,0x00000005d6300000)
 Metaspace       used 25541K, capacity 25864K, committed 26112K, reserved 1071104K
  class space    used 3376K, capacity 3461K, committed 3584K, reserved 1048576K
GC Heap History (10 events):
Event: 4.422 GC heap before
{Heap before GC invocations=3 (full 0):
 PSYoungGen      total 150016K, used 133410K [0x0000000719180000, 0x0000000723880000, 0x00000007c0000000)
  eden space 129024K, 100% used [0x0000000719180000,0x0000000720f80000,0x0000000720f80000)
  from space 20992K, 20% used [0x0000000722400000,0x0000000722848b18,0x0000000723880000)
  to   space 20992K, 0% used [0x0000000720f80000,0x0000000720f80000,0x0000000722400000)
 ParOldGen       total 343040K, used 144K [0x00000005cb400000, 0x00000005e0300000, 0x0000000719180000)
  object space 343040K, 0% used [0x00000005cb400000,0x00000005cb424038,0x00000005e0300000)
 Metaspace       used 13743K, capacity 13920K, committed 14208K, reserved 1062912K
  class space    used 1539K, capacity 1566K, committed 1664K, reserved 1048576K
Event: 4.436 GC heap after
Heap after GC invocations=3 (full 0):
 PSYoungGen      total 150016K, used 5396K [0x0000000719180000, 0x0000000723880000, 0x00000007c0000000)
  eden space 129024K, 0% used [0x0000000719180000,0x0000000719180000,0x0000000720f80000)
  from space 20992K, 25% used [0x0000000720f80000,0x00000007214c51c8,0x0000000722400000)
  to   space 20992K, 0% used [0x0000000722400000,0x0000000722400000,0x0000000723880000)
 ParOldGen       total 343040K, used 152K [0x00000005cb400000, 0x00000005e0300000, 0x0000000719180000)
  object space 343040K, 0% used [0x00000005cb400000,0x00000005cb426038,0x00000005e0300000)
 Metaspace       used 13743K, capacity 13920K, committed 14208K, reserved 1062912K
  class space    used 1539K, capacity 1566K, committed 1664K, reserved 1048576K
}
Event: 4.679 GC heap before
{Heap before GC invocations=4 (full 0):
 PSYoungGen      total 150016K, used 134420K [0x0000000719180000, 0x0000000723880000, 0x00000007c0000000)
  eden space 129024K, 100% used [0x0000000719180000,0x0000000720f80000,0x0000000720f80000)
  from space 20992K, 25% used [0x0000000720f80000,0x00000007214c51c8,0x0000000722400000)
  to   space 20992K, 0% used [0x0000000722400000,0x0000000722400000,0x0000000723880000)
 ParOldGen       total 343040K, used 152K [0x00000005cb400000, 0x00000005e0300000, 0x0000000719180000)
  object space 343040K, 0% used [0x00000005cb400000,0x00000005cb426038,0x00000005e0300000)
 Metaspace       used 13883K, capacity 14098K, committed 14208K, reserved 1062912K
  class space    used 1547K, capacity 1601K, committed 1664K, reserved 1048576K
Event: 4.684 GC heap after
Heap after GC invocations=4 (full 0):
 PSYoungGen      total 150016K, used 5459K [0x0000000719180000, 0x000000072b680000, 0x00000007c0000000)
  eden space 129024K, 0% used [0x0000000719180000,0x0000000719180000,0x0000000720f80000)
  from space 20992K, 26% used [0x0000000722400000,0x0000000722954ff0,0x0000000723880000)
  to   space 20992K, 0% used [0x0000000720f80000,0x0000000720f80000,0x0000000722400000)
 ParOldGen       total 343040K, used 152K [0x00000005cb400000, 0x00000005e0300000, 0x0000000719180000)
  object space 343040K, 0% used [0x00000005cb400000,0x00000005cb426038,0x00000005e0300000)
 Metaspace       used 13883K, capacity 14098K, committed 14208K, reserved 1062912K
  class space    used 1547K, capacity 1601K, committed 1664K, reserved 1048576K
}
Event: 5.062 GC heap before
{Heap before GC invocations=5 (full 0):
 PSYoungGen      total 150016K, used 134483K [0x0000000719180000, 0x000000072b680000, 0x00000007c0000000)
  eden space 129024K, 100% used [0x0000000719180000,0x0000000720f80000,0x0000000720f80000)
  from space 20992K, 26% used [0x0000000722400000,0x0000000722954ff0,0x0000000723880000)
  to   space 20992K, 0% used [0x0000000720f80000,0x0000000720f80000,0x0000000722400000)
 ParOldGen       total 343040K, used 152K [0x00000005cb400000, 0x00000005e0300000, 0x0000000719180000)
  object space 343040K, 0% used [0x00000005cb400000,0x00000005cb426038,0x00000005e0300000)
 Metaspace       used 16533K, capacity 16760K, committed 17024K, reserved 1064960K
  class space    used 2027K, capacity 2082K, committed 2176K, reserved 1048576K
Event: 5.076 GC heap after
Heap after GC invocations=5 (full 0):
 PSYoungGen      total 150016K, used 11680K [0x0000000719180000, 0x000000072a280000, 0x00000007c0000000)
  eden space 129024K, 0% used [0x0000000719180000,0x0000000719180000,0x0000000720f80000)
  from space 20992K, 55% used [0x0000000720f80000,0x0000000721ae8280,0x0000000722400000)
  to   space 10752K, 0% used [0x0000000729800000,0x0000000729800000,0x000000072a280000)
 ParOldGen       total 343040K, used 160K [0x00000005cb400000, 0x00000005e0300000, 0x0000000719180000)
  object space 343040K, 0% used [0x00000005cb400000,0x00000005cb428038,0x00000005e0300000)
 Metaspace       used 16533K, capacity 16760K, committed 17024K, reserved 1064960K
  class space    used 2027K, capacity 2082K, committed 2176K, reserved 1048576K
}
Event: 5.388 GC heap before
{Heap before GC invocations=6 (full 0):
 PSYoungGen      total 150016K, used 99695K [0x0000000719180000, 0x000000072a280000, 0x00000007c0000000)
  eden space 129024K, 68% used [0x0000000719180000,0x000000071e773bf0,0x0000000720f80000)
  from space 20992K, 55% used [0x0000000720f80000,0x0000000721ae8280,0x0000000722400000)
  to   space 10752K, 0% used [0x0000000729800000,0x0000000729800000,0x000000072a280000)
 ParOldGen       total 343040K, used 160K [0x00000005cb400000, 0x00000005e0300000, 0x0000000719180000)
  object space 343040K, 0% used [0x00000005cb400000,0x00000005cb428038,0x00000005e0300000)
 Metaspace       used 20997K, capacity 21182K, committed 21296K, reserved 1067008K
  class space    used 2866K, capacity 2915K, committed 2944K, reserved 1048576K
Event: 5.398 GC heap after
Heap after GC invocations=6 (full 0):
 PSYoungGen      total 266240K, used 10741K [0x0000000719180000, 0x000000072a780000, 0x00000007c0000000)
  eden space 255488K, 0% used [0x0000000719180000,0x0000000719180000,0x0000000728b00000)
  from space 10752K, 99% used [0x0000000729800000,0x000000072a27d4d0,0x000000072a280000)
  to   space 13312K, 0% used [0x0000000728b00000,0x0000000728b00000,0x0000000729800000)
 ParOldGen       total 343040K, used 1979K [0x00000005cb400000, 0x00000005e0300000, 0x0000000719180000)
  object space 343040K, 0% used [0x00000005cb400000,0x00000005cb5eed98,0x00000005e0300000)
 Metaspace       used 20997K, capacity 21182K, committed 21296K, reserved 1067008K
  class space    used 2866K, capacity 2915K, committed 2944K, reserved 1048576K
}
Event: 5.398 GC heap before
{Heap before GC invocations=7 (full 1):
 PSYoungGen      total 266240K, used 10741K [0x0000000719180000, 0x000000072a780000, 0x00000007c0000000)
  eden space 255488K, 0% used [0x0000000719180000,0x0000000719180000,0x0000000728b00000)
  from space 10752K, 99% used [0x0000000729800000,0x000000072a27d4d0,0x000000072a280000)
  to   space 13312K, 0% used [0x0000000728b00000,0x0000000728b00000,0x0000000729800000)
 ParOldGen       total 343040K, used 1979K [0x00000005cb400000, 0x00000005e0300000, 0x0000000719180000)
  object space 343040K, 0% used [0x00000005cb400000,0x00000005cb5eed98,0x00000005e0300000)
 Metaspace       used 20997K, capacity 21182K, committed 21296K, reserved 1067008K
  class space    used 2866K, capacity 2915K, committed 2944K, reserved 1048576K
Event: 5.441 GC heap after
Heap after GC invocations=7 (full 1):
 PSYoungGen      total 266240K, used 0K [0x0000000719180000, 0x000000072a780000, 0x00000007c0000000)
  eden space 255488K, 0% used [0x0000000719180000,0x0000000719180000,0x0000000728b00000)
  from space 10752K, 0% used [0x0000000729800000,0x0000000729800000,0x000000072a280000)
  to   space 13312K, 0% used [0x0000000728b00000,0x0000000728b00000,0x0000000729800000)
 ParOldGen       total 179200K, used 12577K [0x00000005cb400000, 0x00000005d6300000, 0x0000000719180000)
  object space 179200K, 7% used [0x00000005cb400000,0x00000005cc0484e8,0x00000005d6300000)
 Metaspace       used 20997K, capacity 21182K, committed 21296K, reserved 1067008K
  class space    used 2866K, capacity 2915K, committed 2944K, reserved 1048576K
}

