# JRE version: Java(TM) SE Runtime Environment (8.0_201-b09) (build 1.8.0_201-b09)
# Java VM: Java HotSpot(TM) 64-Bit Server VM (25.201-b09 mixed mode linux-amd64 compressed oops)
Heap:
 PSYoungGen      total 279040K, used 95084K [0x0000000719180000, 0x000000073a180000, 0x00000007c0000000)
  eden space 258048K, 36% used [0x0000000719180000,0x000000071ee5b2e0,0x0000000728d80000)
  from space 20992K, 0% used [0x0000000728d80000,0x0000000728d80000,0x000000072a200000)
  to   space 12288K, 0% used [0x0000000739580000,0x0000000739580000,0x000000073a180000)
 ParOldGen       total 193536K, used 14358K [0x00000005cb400000, 0x00000005d7100000, 0x0000000719180000)
  object space 193536K, 7% used [0x00000005cb400000,0x00000005cc205970,0x00000005d7100000)
 Metaspace       used 25517K, capacity 25864K, committed 26112K, reserved 1071104K
  class space    used 3381K, capacity 3461K, committed 3584K, reserved 1048576K
GC Heap History (10 events):
Event: 1.247 GC heap before
{Heap before GC invocations=2 (full 0):
 PSYoungGen      total 150016K, used 135557K [0x0000000719180000, 0x0000000723880000, 0x00000007c0000000)
  eden space 129024K, 100% used [0x0000000719180000,0x0000000720f80000,0x0000000720f80000)
  from space 20992K, 31% used [0x0000000720f80000,0x00000007215e1590,0x0000000722400000)
  to   space 20992K, 0% used [0x0000000722400000,0x0000000722400000,0x0000000723880000)
 ParOldGen       total 343040K, used 80K [0x00000005cb400000, 0x00000005e0300000, 0x0000000719180000)
  object space 343040K, 0% used [0x00000005cb400000,0x00000005cb414010,0x00000005e0300000)
 Metaspace       used 13115K, capacity 13282K, committed 13312K, reserved 1060864K
  class space    used 1490K, capacity 1529K, committed 1536K, reserved 1048576K
Event: 1.253 GC heap after
Heap after GC invocations=2 (full 0):
 PSYoungGen      total 150016K, used 4450K [0x0000000719180000, 0x000000072b680000, 0x00000007c0000000)
  eden space 129024K, 0% used [0x0000000719180000,0x0000000719180000,0x0000000720f80000)
  from space 20992K, 21% used [0x0000000722400000,0x0000000722858b08,0x0000000723880000)
  to   space 20992K, 0% used [0x0000000720f80000,0x0000000720f80000,0x0000000722400000)
 ParOldGen       total 343040K, used 88K [0x00000005cb400000, 0x00000005e0300000, 0x0000000719180000)
  object space 343040K, 0% used [0x00000005cb400000,0x00000005cb416010,0x00000005e0300000)
 Metaspace       used 13115K, capacity 13282K, committed 13312K, reserved 1060864K
  class space    used 1490K, capacity 1529K, committed 1536K, reserved 1048576K
}
Event: 2.583 GC heap before
{Heap before GC invocations=3 (full 0):
 PSYoungGen      total 150016K, used 133474K [0x0000000719180000, 0x000000072b680000, 0x00000007c0000000)
  eden space 129024K, 100% used [0x0000000719180000,0x0000000720f80000,0x0000000720f80000)
  from space 20992K, 21% used [0x0000000722400000,0x0000000722858b08,0x0000000723880000)
  to   space 20992K, 0% used [0x0000000720f80000,0x0000000720f80000,0x0000000722400000)
 ParOldGen       total 343040K, used 88K [0x00000005cb400000, 0x00000005e0300000, 0x0000000719180000)
  object space 343040K, 0% used [0x00000005cb400000,0x00000005cb416010,0x00000005e0300000)
 Metaspace       used 13699K, capacity 13920K, committed 14208K, reserved 1062912K
  class space    used 1539K, capacity 1566K, committed 1664K, reserved 1048576K
Event: 2.597 GC heap after
Heap after GC invocations=3 (full 0):
 PSYoungGen      total 150016K, used 5492K [0x0000000719180000, 0x000000072b680000, 0x00000007c0000000)
  eden space 129024K, 0% used [0x0000000719180000,0x0000000719180000,0x0000000720f80000)
  from space 20992K, 26% used [0x0000000720f80000,0x00000007214dd040,0x0000000722400000)
  to   space 20992K, 0% used [0x000000072a200000,0x000000072a200000,0x000000072b680000)
 ParOldGen       total 343040K, used 88K [0x00000005cb400000, 0x00000005e0300000, 0x0000000719180000)
  object space 343040K, 0% used [0x00000005cb400000,0x00000005cb416010,0x00000005e0300000)
 Metaspace       used 13699K, capacity 13920K, committed 14208K, reserved 1062912K
  class space    used 1539K, capacity 1566K, committed 1664K, reserved 1048576K
}
Event: 2.803 GC heap before
{Heap before GC invocations=4 (full 0):
 PSYoungGen      total 150016K, used 134516K [0x0000000719180000, 0x000000072b680000, 0x00000007c0000000)
  eden space 129024K, 100% used [0x0000000719180000,0x0000000720f80000,0x0000000720f80000)
  from space 20992K, 26% used [0x0000000720f80000,0x00000007214dd040,0x0000000722400000)
  to   space 20992K, 0% used [0x000000072a200000,0x000000072a200000,0x000000072b680000)
 ParOldGen       total 343040K, used 88K [0x00000005cb400000, 0x00000005e0300000, 0x0000000719180000)
  object space 343040K, 0% used [0x00000005cb400000,0x00000005cb416010,0x00000005e0300000)
 Metaspace       used 13871K, capacity 14098K, committed 14208K, reserved 1062912K
  class space    used 1547K, capacity 1601K, committed 1664K, reserved 1048576K
Event: 2.808 GC heap after
Heap after GC invocations=4 (full 0):
 PSYoungGen      total 279040K, used 5492K [0x0000000719180000, 0x000000072b680000, 0x00000007c0000000)
  eden space 258048K, 0% used [0x0000000719180000,0x0000000719180000,0x0000000728d80000)
  from space 20992K, 26% used [0x000000072a200000,0x000000072a75d178,0x000000072b680000)
  to   space 20992K, 0% used [0x0000000728d80000,0x0000000728d80000,0x000000072a200000)
 ParOldGen       total 343040K, used 88K [0x00000005cb400000, 0x00000005e0300000, 0x0000000719180000)
  object space 343040K, 0% used [0x00000005cb400000,0x00000005cb416010,0x00000005e0300000)
 Metaspace       used 13871K, capacity 14098K, committed 14208K, reserved 1062912K
  class space    used 1547K, capacity 1601K, committed 1664K, reserved 1048576K
}
Event: 3.438 GC heap before
{Heap before GC invocations=5 (full 0):
 PSYoungGen      total 279040K, used 223711K [0x0000000719180000, 0x000000072b680000, 0x00000007c0000000)
  eden space 258048K, 84% used [0x0000000719180000,0x000000072669ab10,0x0000000728d80000)
  from space 20992K, 26% used [0x000000072a200000,0x000000072a75d178,0x000000072b680000)
  to   space 20992K, 0% used [0x0000000728d80000,0x0000000728d80000,0x000000072a200000)
 ParOldGen       total 343040K, used 88K [0x00000005cb400000, 0x00000005e0300000, 0x0000000719180000)
  object space 343040K, 0% used [0x00000005cb400000,0x00000005cb416010,0x00000005e0300000)
 Metaspace       used 20972K, capacity 21182K, committed 21296K, reserved 1067008K
  class space    used 2866K, capacity 2915K, committed 2944K, reserved 1048576K
Event: 3.450 GC heap after
Heap after GC invocations=5 (full 0):
 PSYoungGen      total 279040K, used 14531K [0x0000000719180000, 0x000000073a180000, 0x00000007c0000000)
  eden space 258048K, 0% used [0x0000000719180000,0x0000000719180000,0x0000000728d80000)
  from space 20992K, 69% used [0x0000000728d80000,0x0000000729bb0fd0,0x000000072a200000)
  to   space 12288K, 0% used [0x0000000739580000,0x0000000739580000,0x000000073a180000)
 ParOldGen       total 343040K, used 88K [0x00000005cb400000, 0x00000005e0300000, 0x0000000719180000)
  object space 343040K, 0% used [0x00000005cb400000,0x00000005cb416010,0x00000005e0300000)
 Metaspace       used 20972K, capacity 21182K, committed 21296K, reserved 1067008K
  class space    used 2866K, capacity 2915K, committed 2944K, reserved 1048576K
}
Event: 3.450 GC heap before
{Heap before GC invocations=6 (full 1):
 PSYoungGen      total 279040K, used 14531K [0x0000000719180000, 0x000000073a180000, 0x00000007c0000000)
  eden space 258048K, 0% used [0x0000000719180000,0x0000000719180000,0x0000000728d80000)
  from space 20992K, 69% used [0x0000000728d80000,0x0000000729bb0fd0,0x000000072a200000)
  to   space 12288K, 0% used [0x0000000739580000,0x0000000739580000,0x000000073a180000)
 ParOldGen       total 343040K, used 88K [0x00000005cb400000, 0x00000005e0300000, 0x0000000719180000)
  object space 343040K, 0% used [0x00000005cb400000,0x00000005cb416010,0x00000005e0300000)
 Metaspace       used 20972K, capacity 21182K, committed 21296K, reserved 1067008K
  class space    used 2866K, capacity 2915K, committed 2944K, reserved 1048576K
Event: 3.482 GC heap after
Heap after GC invocations=6 (full 1):
 PSYoungGen      total 279040K, used 0K [0x0000000719180000, 0x000000073a180000, 0x00000007c0000000)
  eden space 258048K, 0% used [0x0000000719180000,0x0000000719180000,0x0000000728d80000)
  from space 20992K, 0% used [0x0000000728d80000,0x0000000728d80000,0x000000072a200000)
  to   space 12288K, 0% used [0x0000000739580000,0x0000000739580000,0x000000073a180000)
 ParOldGen       total 193536K, used 14358K [0x00000005cb400000, 0x00000005d7100000, 0x0000000719180000)
  object space 193536K, 7% used [0x00000005cb400000,0x00000005cc205970,0x00000005d7100000)
 Metaspace       used 20972K, capacity 21182K, committed 21296K, reserved 1067008K
  class space    used 2866K, capacity 2915K, committed 2944K, reserved 1048576K
}

